<html>
<body>
<pre>
<h1>Vision Build Log</h1>
<h2>Project:</h2>
E:\51\CT107D_IAP15F2K61S2\独立按键的基本操作与扩展应用\key_single.uvproj
Project File Date:  12/05/2019

<h2>Output:</h2>
Build target 'Target 1'
assembling STARTUP.A51...
compiling key_single.c...
KEY_SINGLE.C(5): error C141: syntax error near 'P3', expected '='
KEY_SINGLE.C(6): error C141: syntax error near 'P3', expected '='
KEY_SINGLE.C(7): error C141: syntax error near 'P3', expected '='
KEY_SINGLE.C(8): error C141: syntax error near 'P3', expected '='
KEY_SINGLE.C(9): error C141: syntax error near 'P0', expected '='
KEY_SINGLE.C(10): error C141: syntax error near 'P0', expected '='
KEY_SINGLE.C(11): error C141: syntax error near 'P0', expected '='
KEY_SINGLE.C(12): error C141: syntax error near 'P0', expected '='
KEY_SINGLE.C(13): error C141: syntax error near 'P0', expected '='
KEY_SINGLE.C(14): error C141: syntax error near 'P0', expected '='
KEY_SINGLE.C(42): error C202: 'S7': undefined identifier
KEY_SINGLE.C(45): error C202: 'S7': undefined identifier
KEY_SINGLE.C(47): error C202: 'L1': undefined identifier
KEY_SINGLE.C(48): error C202: 'S7': undefined identifier
KEY_SINGLE.C(50): error C202: 'L1': undefined identifier
KEY_SINGLE.C(61): error C141: syntax error near '}'
compiling Dynamic.c...
Target not created
Build target 'Target 1'
assembling STARTUP.A51...
compiling key_single.c...
KEY_SINGLE.C(61): error C141: syntax error near '}'
compiling Dynamic.c...
Target not created
Build target 'Target 1'
assembling STARTUP.A51...
compiling key_single.c...
compiling Dynamic.c...
linking...
*** ERROR L104: MULTIPLE PUBLIC DEFINITIONS
    SYMBOL:  MAIN
    MODULE:  .\Dynamic.obj (DYNAMIC)
*** ERROR L104: MULTIPLE PUBLIC DEFINITIONS
    SYMBOL:  _SELECTHC573
    MODULE:  .\Dynamic.obj (DYNAMIC)
*** ERROR L104: MULTIPLE PUBLIC DEFINITIONS
    SYMBOL:  _DELAY
    MODULE:  .\Dynamic.obj (DYNAMIC)
*** WARNING L16: UNCALLED SEGMENT, IGNORED FOR OVERLAY PROCESS
    SEGMENT: ?PR?_SELECTHC573?KEY_SINGLE
*** WARNING L16: UNCALLED SEGMENT, IGNORED FOR OVERLAY PROCESS
    SEGMENT: ?PR?MAIN?DYNAMIC
*** ERROR L118: REFERENCE MADE TO ERRONEOUS EXTERNAL
    SYMBOL:  MAIN
    MODULE:  C:\KEIL\C51\LIB\C51S.LIB (?C_INIT)
    ADDRESS: 0010H
Program Size: data=13.0 xdata=0 code=488
Target not created
Build target 'Target 1'
assembling STARTUP.A51...
compiling key_single.c...
linking...
*** WARNING L16: UNCALLED SEGMENT, IGNORED FOR OVERLAY PROCESS
    SEGMENT: ?PR?_SELECTHC573?KEY_SINGLE
Program Size: data=10.0 xdata=0 code=237
"key_single" - 0 Error(s), 1 Warning(s).
Build target 'Target 1'
assembling STARTUP.A51...
compiling key_single.c...
linking...
Program Size: data=10.0 xdata=0 code=242
"key_single" - 0 Error(s), 0 Warning(s).
Build target 'Target 1'
assembling STARTUP.A51...
compiling key_single.c...
linking...
Program Size: data=10.0 xdata=0 code=242
creating hex file from "key_single"...
"key_single" - 0 Error(s), 0 Warning(s).
Build target 'Target 1'
assembling STARTUP.A51...
compiling key_single.c...
linking...
Program Size: data=10.0 xdata=0 code=242
creating hex file from "key_single"...
"key_single" - 0 Error(s), 0 Warning(s).
Build target 'Target 1'
assembling STARTUP.A51...
compiling key_single.c...
KEY_SINGLE.C(23): error C202: 'HC138_C': undefined identifier
KEY_SINGLE.C(24): error C202: 'HC138_B': undefined identifier
KEY_SINGLE.C(25): error C202: 'HC138_A': undefined identifier
Target not created
Build target 'Target 1'
assembling STARTUP.A51...
compiling key_single.c...
linking...
Program Size: data=10.0 xdata=0 code=242
creating hex file from "key_single"...
"key_single" - 0 Error(s), 0 Warning(s).
Build target 'Target 1'
assembling STARTUP.A51...
compiling key_single.c...
linking...
Program Size: data=10.0 xdata=0 code=249
creating hex file from "key_single"...
"key_single" - 0 Error(s), 0 Warning(s).
Build target 'Target 1'
assembling STARTUP.A51...
compiling key_single.c...
linking...
Program Size: data=10.0 xdata=0 code=295
creating hex file from "key_single"...
"key_single" - 0 Error(s), 0 Warning(s).
Build target 'Target 1'
assembling STARTUP.A51...
compiling key_single.c...
linking...
Program Size: data=10.0 xdata=0 code=288
creating hex file from "key_single"...
"key_single" - 0 Error(s), 0 Warning(s).
Build target 'Target 1'
assembling STARTUP.A51...
compiling key_single.c...
KEY_SINGLE.C(88): error C141: syntax error near '='
KEY_SINGLE.C(89): error C141: syntax error near '='
Target not created
Build target 'Target 1'
assembling STARTUP.A51...
compiling key_single.c...
KEY_SINGLE.C(88): error C141: syntax error near '='
KEY_SINGLE.C(89): error C141: syntax error near '='
Target not created
Build target 'Target 1'
assembling STARTUP.A51...
compiling key_single.c...
KEY_SINGLE.C(88): error C141: syntax error near '='
KEY_SINGLE.C(89): error C141: syntax error near '='
Target not created
Build target 'Target 1'
assembling STARTUP.A51...
compiling key_single.c...
KEY_SINGLE.C(88): error C141: syntax error near '='
KEY_SINGLE.C(89): error C141: syntax error near '='
Target not created
Build target 'Target 1'
assembling STARTUP.A51...
compiling key_single.c...
linking...
Program Size: data=10.0 xdata=0 code=295
creating hex file from "key_single"...
"key_single" - 0 Error(s), 0 Warning(s).
Build target 'Target 1'
assembling STARTUP.A51...
compiling key_single.c...
linking...
Program Size: data=10.0 xdata=0 code=298
creating hex file from "key_single"...
"key_single" - 0 Error(s), 0 Warning(s).
Build target 'Target 1'
assembling STARTUP.A51...
compiling key_single.c...
linking...
Program Size: data=10.0 xdata=0 code=363
creating hex file from "key_single"...
"key_single" - 0 Error(s), 0 Warning(s).
Build target 'Target 1'
assembling STARTUP.A51...
compiling key_single.c...
linking...
Program Size: data=10.0 xdata=0 code=375
creating hex file from "key_single"...
"key_single" - 0 Error(s), 0 Warning(s).
Build target 'Target 1'
assembling STARTUP.A51...
compiling key_single.c...
linking...
Program Size: data=10.0 xdata=0 code=369
creating hex file from "key_single"...
"key_single" - 0 Error(s), 0 Warning(s).
