<html>
<body>
<pre>
<h1>Vision Build Log</h1>
<h2>Project:</h2>
E:\51\CT107D_IAP15F2K61S2\Basic_exercises\串口通信的基本应用\Serial_basic.uvproj
Project File Date:  12/15/2019

<h2>Output:</h2>
Build target 'Target 1'
assembling STARTUP.A51...
compiling Serial_basic.c...
linking...
Program Size: data=9.0 xdata=0 code=17
creating hex file from "Serial_basic"...
"Serial_basic" - 0 Error(s), 0 Warning(s).
Build target 'Target 1'
assembling STARTUP.A51...
compiling Serial_basic.c...
SERIAL_BASIC.C(5): error C129: missing ';' before 'temrecv'
Target not created
Build target 'Target 1'
assembling STARTUP.A51...
compiling Serial_basic.c...
SERIAL_BASIC.C(15): error C141: syntax error near 'EA'
SERIAL_BASIC.C(27): error C202: 'R1': undefined identifier
SERIAL_BASIC.C(29): error C202: 'R1': undefined identifier
Target not created
Build target 'Target 1'
assembling STARTUP.A51...
compiling Serial_basic.c...
SERIAL_BASIC.C(21): warning C276: constant in condition expression
SERIAL_BASIC.C(22): error C193: '-': bad operand type
SERIAL_BASIC.C(27): error C202: 'R1': undefined identifier
SERIAL_BASIC.C(29): error C202: 'R1': undefined identifier
Target not created
Build target 'Target 1'
assembling STARTUP.A51...
compiling Serial_basic.c...
SERIAL_BASIC.C(21): warning C276: constant in condition expression
SERIAL_BASIC.C(27): error C202: 'R1': undefined identifier
SERIAL_BASIC.C(29): error C202: 'R1': undefined identifier
Target not created
Build target 'Target 1'
assembling STARTUP.A51...
compiling Serial_basic.c...
SERIAL_BASIC.C(21): warning C276: constant in condition expression
linking...
Program Size: data=10.0 xdata=0 code=94
creating hex file from "Serial_basic"...
"Serial_basic" - 0 Error(s), 1 Warning(s).
Build target 'Target 1'
assembling STARTUP.A51...
compiling Serial_basic.c...
SERIAL_BASIC.C(21): warning C276: constant in condition expression
linking...
Program Size: data=10.0 xdata=0 code=94
creating hex file from "Serial_basic"...
"Serial_basic" - 0 Error(s), 1 Warning(s).
